<?xml version="1.0" encoding="UTF-8"?>
<!-- Generated by org.testng.reporters.JUnitReportReporter -->
<testsuite name="Group1.g1.class1" tests="1" time="0.010" ignored="0" failures="0" timestamp="12 Jun 2018 13:05:20 GMT" skipped="0" hostname="USHYDSKUMARIGV1" errors="0">
  <testcase name="f" time="0.010" classname="Group1.g1.class1"/>
</testsuite> <!-- Group1.g1.class1 -->
