<?xml version="1.0" encoding="UTF-8"?>
<!-- Generated by org.testng.reporters.JUnitReportReporter -->
<testsuite name="Group1.g1.App" tests="1" time="79.207" ignored="0" failures="0" timestamp="13 Jun 2018 11:04:27 GMT" skipped="0" hostname="USHYDSKUMARIGV1" errors="0">
  <testcase name="openbrowser" time="79.207" classname="Group1.g1.App"/>
</testsuite> <!-- Group1.g1.App -->
